<?xml version="1.0" encoding="UTF-8"?>
<!-- Generated by org.testng.reporters.JUnitReportReporter -->
<testsuite skipped="0" hostname="gnvl.local" name="core.PrimeNumberCheckerTest" tests="20" failures="0" timestamp="10 Sep 2017 12:08:34 GMT" time="0.347" errors="0">
  <testcase name="test" time="0.003" classname="core.PrimeNumberCheckerTest"/>
  <testcase name="test" time="0.005" classname="core.PrimeNumberCheckerTest"/>
  <testcase name="test" time="0.002" classname="core.PrimeNumberCheckerTest"/>
  <testcase name="test" time="0.004" classname="core.PrimeNumberCheckerTest"/>
  <testcase name="test" time="0.004" classname="core.PrimeNumberCheckerTest"/>
  <testcase name="test" time="0.015" classname="core.PrimeNumberCheckerTest"/>
  <testcase name="test" time="0.003" classname="core.PrimeNumberCheckerTest"/>
  <testcase name="test" time="0.002" classname="core.PrimeNumberCheckerTest"/>
  <testcase name="test" time="0.003" classname="core.PrimeNumberCheckerTest"/>
  <testcase name="test" time="0.002" classname="core.PrimeNumberCheckerTest"/>
  <testcase name="test" time="0.002" classname="core.PrimeNumberCheckerTest"/>
  <testcase name="test" time="0.003" classname="core.PrimeNumberCheckerTest"/>
  <testcase name="test" time="0.004" classname="core.PrimeNumberCheckerTest"/>
  <testcase name="test" time="0.003" classname="core.PrimeNumberCheckerTest"/>
  <testcase name="test" time="0.007" classname="core.PrimeNumberCheckerTest"/>
  <testcase name="test" time="0.005" classname="core.PrimeNumberCheckerTest"/>
  <testcase name="test" time="0.004" classname="core.PrimeNumberCheckerTest"/>
  <testcase name="test" time="0.270" classname="core.PrimeNumberCheckerTest"/>
  <testcase name="test" time="0.004" classname="core.PrimeNumberCheckerTest"/>
  <testcase name="test" time="0.002" classname="core.PrimeNumberCheckerTest"/>
</testsuite> <!-- core.PrimeNumberCheckerTest -->
